[ 33%] [32mBuilding CXX object CMakeFiles/serial_com_nav.dir/src/com_nav.cpp.o[0m
[ 66%] [32m[1mLinking CXX executable serial_com_nav[0m
[100%] Built target serial_com_nav
-- Install configuration: ""
-- Installing: /home/ricardo/com_nav_ws/install/com_nav/lib/com_nav/serial_com_nav
-- Set runtime path of "/home/ricardo/com_nav_ws/install/com_nav/lib/com_nav/serial_com_nav" to ""
-- Up-to-date: /home/ricardo/com_nav_ws/install/com_nav/share/ament_index/resource_index/package_run_dependencies/com_nav
-- Up-to-date: /home/ricardo/com_nav_ws/install/com_nav/share/ament_index/resource_index/parent_prefix_path/com_nav
-- Up-to-date: /home/ricardo/com_nav_ws/install/com_nav/share/com_nav/environment/ament_prefix_path.sh
-- Up-to-date: /home/ricardo/com_nav_ws/install/com_nav/share/com_nav/environment/ament_prefix_path.dsv
-- Up-to-date: /home/ricardo/com_nav_ws/install/com_nav/share/com_nav/environment/path.sh
-- Up-to-date: /home/ricardo/com_nav_ws/install/com_nav/share/com_nav/environment/path.dsv
-- Up-to-date: /home/ricardo/com_nav_ws/install/com_nav/share/com_nav/local_setup.bash
-- Up-to-date: /home/ricardo/com_nav_ws/install/com_nav/share/com_nav/local_setup.sh
-- Up-to-date: /home/ricardo/com_nav_ws/install/com_nav/share/com_nav/local_setup.zsh
-- Up-to-date: /home/ricardo/com_nav_ws/install/com_nav/share/com_nav/local_setup.dsv
-- Up-to-date: /home/ricardo/com_nav_ws/install/com_nav/share/com_nav/package.dsv
-- Up-to-date: /home/ricardo/com_nav_ws/install/com_nav/share/ament_index/resource_index/packages/com_nav
-- Up-to-date: /home/ricardo/com_nav_ws/install/com_nav/share/com_nav/cmake/com_navConfig.cmake
-- Up-to-date: /home/ricardo/com_nav_ws/install/com_nav/share/com_nav/cmake/com_navConfig-version.cmake
-- Up-to-date: /home/ricardo/com_nav_ws/install/com_nav/share/com_nav/package.xml
