[0.009s] Invoking command in '/home/ricardo/com_nav_ws/src/build/com_nav': CMAKE_PREFIX_PATH=/opt/ros/humble /usr/bin/cmake /home/ricardo/com_nav_ws/src/com_nav -DCMAKE_INSTALL_PREFIX=/home/ricardo/com_nav_ws/src/install/com_nav
[0.084s] -- The C compiler identification is GNU 11.4.0
[0.152s] -- The CXX compiler identification is GNU 11.4.0
[0.160s] -- Detecting C compiler ABI info
[0.224s] -- Detecting C compiler ABI info - done
[0.229s] -- Check for working C compiler: /usr/bin/cc - skipped
[0.229s] -- Detecting C compile features
[0.230s] -- Detecting C compile features - done
[0.232s] -- Detecting CXX compiler ABI info
[0.304s] -- Detecting CXX compiler ABI info - done
[0.308s] -- Check for working CXX compiler: /usr/bin/c++ - skipped
[0.309s] -- Detecting CXX compile features
[0.309s] -- Detecting CXX compile features - done
[0.314s] -- Found ament_cmake: 1.3.11 (/opt/ros/humble/share/ament_cmake/cmake)
[0.423s] -- Found Python3: /usr/bin/python3 (found version "3.10.12") found components: Interpreter 
[0.495s] -- Found rclcpp: 16.0.11 (/opt/ros/humble/share/rclcpp/cmake)
[0.534s] -- Found rosidl_generator_c: 3.1.6 (/opt/ros/humble/share/rosidl_generator_c/cmake)
[0.539s] -- Found rosidl_adapter: 3.1.6 (/opt/ros/humble/share/rosidl_adapter/cmake)
[0.552s] -- Found rosidl_generator_cpp: 3.1.6 (/opt/ros/humble/share/rosidl_generator_cpp/cmake)
[0.562s] -- Using all available rosidl_typesupport_c: rosidl_typesupport_fastrtps_c;rosidl_typesupport_introspection_c
[0.576s] -- Using all available rosidl_typesupport_cpp: rosidl_typesupport_fastrtps_cpp;rosidl_typesupport_introspection_cpp
[0.616s] -- Found rmw_implementation_cmake: 6.1.2 (/opt/ros/humble/share/rmw_implementation_cmake/cmake)
[0.618s] -- Found rmw_fastrtps_cpp: 6.2.7 (/opt/ros/humble/share/rmw_fastrtps_cpp/cmake)
[0.708s] -- Found OpenSSL: /usr/lib/x86_64-linux-gnu/libcrypto.so (found version "3.0.2")  
[0.733s] -- Found FastRTPS: /opt/ros/humble/include  
[0.768s] -- Using RMW implementation 'rmw_fastrtps_cpp' as default
[0.776s] -- Looking for pthread.h
[0.842s] -- Looking for pthread.h - found
[0.842s] -- Performing Test CMAKE_HAVE_LIBC_PTHREAD
[0.910s] -- Performing Test CMAKE_HAVE_LIBC_PTHREAD - Success
[0.911s] -- Found Threads: TRUE  
[0.952s] [31mCMake Error at CMakeLists.txt:18 (add_executable):
[0.952s]   The target name "src/com_nav.cpp" is reserved or not valid for certain
[0.952s]   CMake features, such as generator expressions, and may result in undefined
[0.953s]   behavior.
[0.953s] 
[0.953s] [0m
[0.953s] [31mCMake Error at /opt/ros/humble/share/ament_cmake_target_dependencies/cmake/ament_target_dependencies.cmake:42 (message):
[0.953s]   ament_target_dependencies() the first argument must be a valid target name
[0.953s] Call Stack (most recent call first):
[0.953s]   CMakeLists.txt:21 (ament_target_dependencies)
[0.953s] 
[0.953s] [0m
[0.953s] -- Configuring incomplete, errors occurred!
[0.953s] See also "/home/ricardo/com_nav_ws/src/build/com_nav/CMakeFiles/CMakeOutput.log".
[0.960s] Invoked command in '/home/ricardo/com_nav_ws/src/build/com_nav' returned '1': CMAKE_PREFIX_PATH=/opt/ros/humble /usr/bin/cmake /home/ricardo/com_nav_ws/src/com_nav -DCMAKE_INSTALL_PREFIX=/home/ricardo/com_nav_ws/src/install/com_nav
