[0.010s] Invoking command in '/home/ricardo/com_nav_ws/build/com_nav': CMAKE_PREFIX_PATH=/opt/ros/humble /usr/bin/cmake /home/ricardo/com_nav_ws/src/com_nav -DCMAKE_INSTALL_PREFIX=/home/ricardo/com_nav_ws/install/com_nav
[0.023s] -- Found ament_cmake: 1.3.11 (/opt/ros/humble/share/ament_cmake/cmake)
[0.118s] -- Found rclcpp: 16.0.11 (/opt/ros/humble/share/rclcpp/cmake)
[0.140s] -- Found rosidl_generator_c: 3.1.6 (/opt/ros/humble/share/rosidl_generator_c/cmake)
[0.142s] -- Found rosidl_adapter: 3.1.6 (/opt/ros/humble/share/rosidl_adapter/cmake)
[0.146s] -- Found rosidl_generator_cpp: 3.1.6 (/opt/ros/humble/share/rosidl_generator_cpp/cmake)
[0.153s] -- Using all available rosidl_typesupport_c: rosidl_typesupport_fastrtps_c;rosidl_typesupport_introspection_c
[0.161s] -- Using all available rosidl_typesupport_cpp: rosidl_typesupport_fastrtps_cpp;rosidl_typesupport_introspection_cpp
[0.182s] -- Found rmw_implementation_cmake: 6.1.2 (/opt/ros/humble/share/rmw_implementation_cmake/cmake)
[0.183s] -- Found rmw_fastrtps_cpp: 6.2.7 (/opt/ros/humble/share/rmw_fastrtps_cpp/cmake)
[0.273s] -- Using RMW implementation 'rmw_fastrtps_cpp' as default
[0.304s] -- Found ament_lint_auto: 0.12.11 (/opt/ros/humble/share/ament_lint_auto/cmake)
[0.353s] -- Configuring done
[0.361s] -- Generating done
[0.363s] -- Build files have been written to: /home/ricardo/com_nav_ws/build/com_nav
[0.376s] Invoked command in '/home/ricardo/com_nav_ws/build/com_nav' returned '0': CMAKE_PREFIX_PATH=/opt/ros/humble /usr/bin/cmake /home/ricardo/com_nav_ws/src/com_nav -DCMAKE_INSTALL_PREFIX=/home/ricardo/com_nav_ws/install/com_nav
[0.379s] Invoking command in '/home/ricardo/com_nav_ws/build/com_nav': CMAKE_PREFIX_PATH=/opt/ros/humble /usr/bin/cmake --build /home/ricardo/com_nav_ws/build/com_nav -- -j16 -l16
[0.446s] [ 66%] [32mBuilding CXX object CMakeFiles/com_nav.dir/src/com_nav.cpp.o[0m
[0.446s] [ 66%] [32mBuilding CXX object CMakeFiles/com_nav.dir/src/CRC.cpp.o[0m
[0.456s] [01m[K/home/ricardo/com_nav_ws/src/com_nav/src/CRC.cpp:1:10:[m[K [01;31m[Kfatal error: [m[KCRC.h: No such file or directory
[0.456s]     1 | #include [01;31m[K"CRC.h"[m[K
[0.456s]       |          [01;31m[K^~~~~~~[m[K
[0.456s] compilation terminated.
[0.456s] gmake[2]: *** [CMakeFiles/com_nav.dir/build.make:90: CMakeFiles/com_nav.dir/src/CRC.cpp.o] Error 1
[0.456s] gmake[2]: *** Waiting for unfinished jobs....
[0.646s] [01m[K/home/ricardo/com_nav_ws/src/com_nav/src/com_nav.cpp:16:10:[m[K [01;31m[Kfatal error: [m[KCRC.h: No such file or directory
[0.646s]    16 | #include [01;31m[K"CRC.h"[m[K
[0.646s]       |          [01;31m[K^~~~~~~[m[K
[0.646s] compilation terminated.
[0.660s] gmake[2]: *** [CMakeFiles/com_nav.dir/build.make:76: CMakeFiles/com_nav.dir/src/com_nav.cpp.o] Error 1
[0.660s] gmake[1]: *** [CMakeFiles/Makefile2:137: CMakeFiles/com_nav.dir/all] Error 2
[0.661s] gmake: *** [Makefile:146: all] Error 2
[0.664s] Invoked command in '/home/ricardo/com_nav_ws/build/com_nav' returned '2': CMAKE_PREFIX_PATH=/opt/ros/humble /usr/bin/cmake --build /home/ricardo/com_nav_ws/build/com_nav -- -j16 -l16
