[0.009s] Invoking command in '/home/ricardo/com_nav_ws/src/build/com_nav': CMAKE_PREFIX_PATH=/opt/ros/humble /usr/bin/cmake /home/ricardo/com_nav_ws/src/com_nav -DCMAKE_INSTALL_PREFIX=/home/ricardo/com_nav_ws/src/install/com_nav
[0.019s] -- Found ament_cmake: 1.3.11 (/opt/ros/humble/share/ament_cmake/cmake)
[0.106s] -- Found rclcpp: 16.0.11 (/opt/ros/humble/share/rclcpp/cmake)
[0.127s] -- Found rosidl_generator_c: 3.1.6 (/opt/ros/humble/share/rosidl_generator_c/cmake)
[0.128s] -- Found rosidl_adapter: 3.1.6 (/opt/ros/humble/share/rosidl_adapter/cmake)
[0.132s] -- Found rosidl_generator_cpp: 3.1.6 (/opt/ros/humble/share/rosidl_generator_cpp/cmake)
[0.138s] -- Using all available rosidl_typesupport_c: rosidl_typesupport_fastrtps_c;rosidl_typesupport_introspection_c
[0.146s] -- Using all available rosidl_typesupport_cpp: rosidl_typesupport_fastrtps_cpp;rosidl_typesupport_introspection_cpp
[0.166s] -- Found rmw_implementation_cmake: 6.1.2 (/opt/ros/humble/share/rmw_implementation_cmake/cmake)
[0.166s] -- Found rmw_fastrtps_cpp: 6.2.7 (/opt/ros/humble/share/rmw_fastrtps_cpp/cmake)
[0.248s] -- Using RMW implementation 'rmw_fastrtps_cpp' as default
[0.280s] [31mCMake Error at /opt/ros/humble/share/ament_cmake_target_dependencies/cmake/ament_target_dependencies.cmake:42 (message):
[0.280s]   ament_target_dependencies() the first argument must be a valid target name
[0.280s] Call Stack (most recent call first):
[0.280s]   CMakeLists.txt:21 (ament_target_dependencies)
[0.280s] 
[0.280s] [0m
[0.280s] -- Configuring incomplete, errors occurred!
[0.280s] See also "/home/ricardo/com_nav_ws/src/build/com_nav/CMakeFiles/CMakeOutput.log".
[0.286s] Invoked command in '/home/ricardo/com_nav_ws/src/build/com_nav' returned '1': CMAKE_PREFIX_PATH=/opt/ros/humble /usr/bin/cmake /home/ricardo/com_nav_ws/src/com_nav -DCMAKE_INSTALL_PREFIX=/home/ricardo/com_nav_ws/src/install/com_nav
