[0.085s] [34mcolcon[0m [1;30mDEBUG[0m [32mCommand line arguments: ['/usr/bin/colcon', 'build'][0m
[0.085s] [34mcolcon[0m [1;30mDEBUG[0m [32mParsed command line arguments: Namespace(log_base=None, log_level=None, verb_name='build', build_base='build', install_base='install', merge_install=False, symlink_install=False, test_result_base=None, continue_on_error=False, executor='parallel', parallel_workers=16, event_handlers=None, ignore_user_meta=False, metas=['./colcon.meta'], base_paths=['.'], packages_ignore=None, packages_ignore_regex=None, paths=None, packages_up_to=None, packages_up_to_regex=None, packages_above=None, packages_above_and_dependencies=None, packages_above_depth=None, packages_select_by_dep=None, packages_skip_by_dep=None, packages_skip_up_to=None, packages_select_build_failed=False, packages_skip_build_finished=False, packages_select_test_failures=False, packages_skip_test_passed=False, packages_select=None, packages_skip=None, packages_select_regex=None, packages_skip_regex=None, packages_start=None, packages_end=None, allow_overriding=[], cmake_args=None, cmake_target=None, cmake_target_skip_unavailable=False, cmake_clean_cache=False, cmake_clean_first=False, cmake_force_configure=False, ament_cmake_args=None, catkin_cmake_args=None, catkin_skip_building_tests=False, verb_parser=<colcon_defaults.argument_parser.defaults.DefaultArgumentsDecorator object at 0x7209d4f03c10>, verb_extension=<colcon_core.verb.build.BuildVerb object at 0x7209d5045750>, main=<bound method BuildVerb.main of <colcon_core.verb.build.BuildVerb object at 0x7209d5045750>>)[0m
[0.229s] [34mcolcon.colcon_core.package_discovery[0m [1;30mLevel 1[0m discover_packages(colcon_meta) check parameters
[0.230s] [34mcolcon.colcon_core.package_discovery[0m [1;30mLevel 1[0m discover_packages(recursive) check parameters
[0.230s] [34mcolcon.colcon_core.package_discovery[0m [1;30mLevel 1[0m discover_packages(ignore) check parameters
[0.230s] [34mcolcon.colcon_core.package_discovery[0m [1;30mLevel 1[0m discover_packages(path) check parameters
[0.230s] [34mcolcon.colcon_core.package_discovery[0m [1;30mLevel 1[0m discover_packages(colcon_meta) discover
[0.230s] [34mcolcon.colcon_core.package_discovery[0m [1;30mLevel 1[0m discover_packages(recursive) discover
[0.230s] [34mcolcon.colcon_core.package_discovery[0m [1;30mINFO[0m Crawling recursively for packages in '/home/ricardo/com_nav_ws'
[0.230s] [34mcolcon.colcon_core.package_identification[0m [1;30mLevel 1[0m _identify(.) by extensions ['ignore', 'ignore_ament_install']
[0.230s] [34mcolcon.colcon_core.package_identification[0m [1;30mLevel 1[0m _identify(.) by extension 'ignore'
[0.230s] [34mcolcon.colcon_core.package_identification[0m [1;30mLevel 1[0m _identify(.) by extension 'ignore_ament_install'
[0.230s] [34mcolcon.colcon_core.package_identification[0m [1;30mLevel 1[0m _identify(.) by extensions ['colcon_pkg']
[0.230s] [34mcolcon.colcon_core.package_identification[0m [1;30mLevel 1[0m _identify(.) by extension 'colcon_pkg'
[0.230s] [34mcolcon.colcon_core.package_identification[0m [1;30mLevel 1[0m _identify(.) by extensions ['colcon_meta']
[0.230s] [34mcolcon.colcon_core.package_identification[0m [1;30mLevel 1[0m _identify(.) by extension 'colcon_meta'
[0.230s] [34mcolcon.colcon_core.package_identification[0m [1;30mLevel 1[0m _identify(.) by extensions ['ros']
[0.230s] [34mcolcon.colcon_core.package_identification[0m [1;30mLevel 1[0m _identify(.) by extension 'ros'
[0.248s] [34mcolcon.colcon_core.package_identification[0m [1;30mLevel 1[0m _identify(.) by extensions ['cmake', 'python']
[0.248s] [34mcolcon.colcon_core.package_identification[0m [1;30mLevel 1[0m _identify(.) by extension 'cmake'
[0.248s] [34mcolcon.colcon_core.package_identification[0m [1;30mLevel 1[0m _identify(.) by extension 'python'
[0.248s] [34mcolcon.colcon_core.package_identification[0m [1;30mLevel 1[0m _identify(.) by extensions ['python_setup_py']
[0.248s] [34mcolcon.colcon_core.package_identification[0m [1;30mLevel 1[0m _identify(.) by extension 'python_setup_py'
[0.248s] [34mcolcon.colcon_core.package_identification[0m [1;30mLevel 1[0m _identify(build) by extensions ['ignore', 'ignore_ament_install']
[0.248s] [34mcolcon.colcon_core.package_identification[0m [1;30mLevel 1[0m _identify(build) by extension 'ignore'
[0.248s] [34mcolcon.colcon_core.package_identification[0m [1;30mLevel 1[0m _identify(build) ignored
[0.249s] [34mcolcon.colcon_core.package_identification[0m [1;30mLevel 1[0m _identify(install) by extensions ['ignore', 'ignore_ament_install']
[0.249s] [34mcolcon.colcon_core.package_identification[0m [1;30mLevel 1[0m _identify(install) by extension 'ignore'
[0.249s] [34mcolcon.colcon_core.package_identification[0m [1;30mLevel 1[0m _identify(install) ignored
[0.249s] [34mcolcon.colcon_core.package_identification[0m [1;30mLevel 1[0m _identify(log) by extensions ['ignore', 'ignore_ament_install']
[0.249s] [34mcolcon.colcon_core.package_identification[0m [1;30mLevel 1[0m _identify(log) by extension 'ignore'
[0.249s] [34mcolcon.colcon_core.package_identification[0m [1;30mLevel 1[0m _identify(log) ignored
[0.249s] [34mcolcon.colcon_core.package_identification[0m [1;30mLevel 1[0m _identify(src) by extensions ['ignore', 'ignore_ament_install']
[0.249s] [34mcolcon.colcon_core.package_identification[0m [1;30mLevel 1[0m _identify(src) by extension 'ignore'
[0.249s] [34mcolcon.colcon_core.package_identification[0m [1;30mLevel 1[0m _identify(src) by extension 'ignore_ament_install'
[0.249s] [34mcolcon.colcon_core.package_identification[0m [1;30mLevel 1[0m _identify(src) by extensions ['colcon_pkg']
[0.249s] [34mcolcon.colcon_core.package_identification[0m [1;30mLevel 1[0m _identify(src) by extension 'colcon_pkg'
[0.249s] [34mcolcon.colcon_core.package_identification[0m [1;30mLevel 1[0m _identify(src) by extensions ['colcon_meta']
[0.249s] [34mcolcon.colcon_core.package_identification[0m [1;30mLevel 1[0m _identify(src) by extension 'colcon_meta'
[0.249s] [34mcolcon.colcon_core.package_identification[0m [1;30mLevel 1[0m _identify(src) by extensions ['ros']
[0.249s] [34mcolcon.colcon_core.package_identification[0m [1;30mLevel 1[0m _identify(src) by extension 'ros'
[0.249s] [34mcolcon.colcon_core.package_identification[0m [1;30mLevel 1[0m _identify(src) by extensions ['cmake', 'python']
[0.249s] [34mcolcon.colcon_core.package_identification[0m [1;30mLevel 1[0m _identify(src) by extension 'cmake'
[0.249s] [34mcolcon.colcon_core.package_identification[0m [1;30mLevel 1[0m _identify(src) by extension 'python'
[0.249s] [34mcolcon.colcon_core.package_identification[0m [1;30mLevel 1[0m _identify(src) by extensions ['python_setup_py']
[0.249s] [34mcolcon.colcon_core.package_identification[0m [1;30mLevel 1[0m _identify(src) by extension 'python_setup_py'
[0.249s] [34mcolcon.colcon_core.package_identification[0m [1;30mLevel 1[0m _identify(src/com_nav) by extensions ['ignore', 'ignore_ament_install']
[0.249s] [34mcolcon.colcon_core.package_identification[0m [1;30mLevel 1[0m _identify(src/com_nav) by extension 'ignore'
[0.249s] [34mcolcon.colcon_core.package_identification[0m [1;30mLevel 1[0m _identify(src/com_nav) by extension 'ignore_ament_install'
[0.249s] [34mcolcon.colcon_core.package_identification[0m [1;30mLevel 1[0m _identify(src/com_nav) by extensions ['colcon_pkg']
[0.249s] [34mcolcon.colcon_core.package_identification[0m [1;30mLevel 1[0m _identify(src/com_nav) by extension 'colcon_pkg'
[0.250s] [34mcolcon.colcon_core.package_identification[0m [1;30mLevel 1[0m _identify(src/com_nav) by extensions ['colcon_meta']
[0.250s] [34mcolcon.colcon_core.package_identification[0m [1;30mLevel 1[0m _identify(src/com_nav) by extension 'colcon_meta'
[0.250s] [34mcolcon.colcon_core.package_identification[0m [1;30mLevel 1[0m _identify(src/com_nav) by extensions ['ros']
[0.250s] [34mcolcon.colcon_core.package_identification[0m [1;30mLevel 1[0m _identify(src/com_nav) by extension 'ros'
[0.251s] [34mcolcon.colcon_core.package_identification[0m [1;30mDEBUG[0m [32mPackage 'src/com_nav' with type 'ros.ament_cmake' and name 'com_nav'[0m
[0.251s] [34mcolcon.colcon_core.package_identification[0m [1;30mLevel 1[0m _identify(src/log) by extensions ['ignore', 'ignore_ament_install']
[0.252s] [34mcolcon.colcon_core.package_identification[0m [1;30mLevel 1[0m _identify(src/log) by extension 'ignore'
[0.252s] [34mcolcon.colcon_core.package_identification[0m [1;30mLevel 1[0m _identify(src/log) ignored
[0.252s] [34mcolcon.colcon_core.package_discovery[0m [1;30mLevel 1[0m discover_packages(recursive) using defaults
[0.252s] [34mcolcon.colcon_core.package_discovery[0m [1;30mLevel 1[0m discover_packages(ignore) discover
[0.252s] [34mcolcon.colcon_core.package_discovery[0m [1;30mLevel 1[0m discover_packages(ignore) using defaults
[0.252s] [34mcolcon.colcon_core.package_discovery[0m [1;30mLevel 1[0m discover_packages(path) discover
[0.252s] [34mcolcon.colcon_core.package_discovery[0m [1;30mLevel 1[0m discover_packages(path) using defaults
[0.263s] [34mcolcon.colcon_core.package_discovery[0m [1;30mLevel 1[0m discover_packages(prefix_path) check parameters
[0.263s] [34mcolcon.colcon_core.package_discovery[0m [1;30mLevel 1[0m discover_packages(prefix_path) discover
[0.265s] [34mcolcon.colcon_installed_package_information.package_discovery[0m [1;30mDEBUG[0m [32mFound 388 installed packages in /opt/ros/humble[0m
[0.266s] [34mcolcon.colcon_core.package_discovery[0m [1;30mLevel 1[0m discover_packages(prefix_path) using defaults
[0.298s] [34mcolcon.colcon_core.verb[0m [1;30mLevel 5[0m set package 'com_nav' build argument 'cmake_args' from command line to 'None'
[0.298s] [34mcolcon.colcon_core.verb[0m [1;30mLevel 5[0m set package 'com_nav' build argument 'cmake_target' from command line to 'None'
[0.298s] [34mcolcon.colcon_core.verb[0m [1;30mLevel 5[0m set package 'com_nav' build argument 'cmake_target_skip_unavailable' from command line to 'False'
[0.298s] [34mcolcon.colcon_core.verb[0m [1;30mLevel 5[0m set package 'com_nav' build argument 'cmake_clean_cache' from command line to 'False'
[0.298s] [34mcolcon.colcon_core.verb[0m [1;30mLevel 5[0m set package 'com_nav' build argument 'cmake_clean_first' from command line to 'False'
[0.298s] [34mcolcon.colcon_core.verb[0m [1;30mLevel 5[0m set package 'com_nav' build argument 'cmake_force_configure' from command line to 'False'
[0.298s] [34mcolcon.colcon_core.verb[0m [1;30mLevel 5[0m set package 'com_nav' build argument 'ament_cmake_args' from command line to 'None'
[0.298s] [34mcolcon.colcon_core.verb[0m [1;30mLevel 5[0m set package 'com_nav' build argument 'catkin_cmake_args' from command line to 'None'
[0.298s] [34mcolcon.colcon_core.verb[0m [1;30mLevel 5[0m set package 'com_nav' build argument 'catkin_skip_building_tests' from command line to 'False'
[0.298s] [34mcolcon.colcon_core.verb[0m [1;30mDEBUG[0m [32mBuilding package 'com_nav' with the following arguments: {'ament_cmake_args': None, 'build_base': '/home/ricardo/com_nav_ws/build/com_nav', 'catkin_cmake_args': None, 'catkin_skip_building_tests': False, 'cmake_args': None, 'cmake_clean_cache': False, 'cmake_clean_first': False, 'cmake_force_configure': False, 'cmake_target': None, 'cmake_target_skip_unavailable': False, 'install_base': '/home/ricardo/com_nav_ws/install/com_nav', 'merge_install': False, 'path': '/home/ricardo/com_nav_ws/src/com_nav', 'symlink_install': False, 'test_result_base': None}[0m
[0.298s] [34mcolcon.colcon_core.executor[0m [1;30mINFO[0m Executing jobs using 'parallel' executor
[0.299s] [34mcolcon.colcon_parallel_executor.executor.parallel[0m [1;30mDEBUG[0m [32mrun_until_complete[0m
[0.299s] [34mcolcon.colcon_ros.task.ament_cmake.build[0m [1;30mINFO[0m Building ROS package in '/home/ricardo/com_nav_ws/src/com_nav' with build type 'ament_cmake'
[0.299s] [34mcolcon.colcon_cmake.task.cmake.build[0m [1;30mINFO[0m Building CMake package in '/home/ricardo/com_nav_ws/src/com_nav'
[0.301s] [34mcolcon.colcon_core.plugin_system[0m [1;30mINFO[0m Skipping extension 'colcon_core.shell.bat': Not used on non-Windows systems
[0.301s] [34mcolcon.colcon_core.shell[0m [1;30mINFO[0m Skip shell extension 'powershell' for command environment: Not usable outside of PowerShell
[0.301s] [34mcolcon.colcon_core.shell[0m [1;30mDEBUG[0m [32mSkip shell extension 'dsv' for command environment[0m
[0.309s] [34mcolcon.colcon_core.event_handler.log_command[0m [1;30mDEBUG[0m [32mInvoking command in '/home/ricardo/com_nav_ws/build/com_nav': CMAKE_PREFIX_PATH=/opt/ros/humble /usr/bin/cmake --build /home/ricardo/com_nav_ws/build/com_nav -- -j16 -l16[0m
[7.050s] [34mcolcon.colcon_core.event_handler.log_command[0m [1;30mDEBUG[0m [32mInvoked command in '/home/ricardo/com_nav_ws/build/com_nav' returned '0': CMAKE_PREFIX_PATH=/opt/ros/humble /usr/bin/cmake --build /home/ricardo/com_nav_ws/build/com_nav -- -j16 -l16[0m
[7.061s] [34mcolcon.colcon_core.event_handler.log_command[0m [1;30mDEBUG[0m [32mInvoking command in '/home/ricardo/com_nav_ws/build/com_nav': CMAKE_PREFIX_PATH=/opt/ros/humble /usr/bin/cmake --install /home/ricardo/com_nav_ws/build/com_nav[0m
[7.073s] [34mcolcon.colcon_core.environment[0m [1;30mLevel 1[0m create_environment_scripts_only(com_nav)
[7.074s] [34mcolcon.colcon_core.event_handler.log_command[0m [1;30mDEBUG[0m [32mInvoked command in '/home/ricardo/com_nav_ws/build/com_nav' returned '0': CMAKE_PREFIX_PATH=/opt/ros/humble /usr/bin/cmake --install /home/ricardo/com_nav_ws/build/com_nav[0m
[7.075s] [34mcolcon.colcon_core.environment[0m [1;30mLevel 1[0m checking '/home/ricardo/com_nav_ws/install/com_nav' for CMake module files
[7.076s] [34mcolcon.colcon_core.environment[0m [1;30mLevel 1[0m checking '/home/ricardo/com_nav_ws/install/com_nav' for CMake config files
[7.076s] [34mcolcon.colcon_core.shell[0m [1;30mLevel 1[0m create_environment_hook('com_nav', 'cmake_prefix_path')
[7.076s] [34mcolcon.colcon_core.shell[0m [1;30mINFO[0m Creating environment hook '/home/ricardo/com_nav_ws/install/com_nav/share/com_nav/hook/cmake_prefix_path.ps1'
[7.077s] [34mcolcon.colcon_core.shell[0m [1;30mINFO[0m Creating environment descriptor '/home/ricardo/com_nav_ws/install/com_nav/share/com_nav/hook/cmake_prefix_path.dsv'
[7.077s] [34mcolcon.colcon_core.shell[0m [1;30mINFO[0m Creating environment hook '/home/ricardo/com_nav_ws/install/com_nav/share/com_nav/hook/cmake_prefix_path.sh'
[7.078s] [34mcolcon.colcon_core.environment[0m [1;30mLevel 1[0m checking '/home/ricardo/com_nav_ws/install/com_nav/bin'
[7.078s] [34mcolcon.colcon_core.environment[0m [1;30mLevel 1[0m checking '/home/ricardo/com_nav_ws/install/com_nav/lib/pkgconfig/com_nav.pc'
[7.078s] [34mcolcon.colcon_core.environment[0m [1;30mLevel 1[0m checking '/home/ricardo/com_nav_ws/install/com_nav/lib/python3.10/site-packages'
[7.078s] [34mcolcon.colcon_core.environment[0m [1;30mLevel 1[0m checking '/home/ricardo/com_nav_ws/install/com_nav/bin'
[7.078s] [34mcolcon.colcon_core.shell[0m [1;30mINFO[0m Creating package script '/home/ricardo/com_nav_ws/install/com_nav/share/com_nav/package.ps1'
[7.079s] [34mcolcon.colcon_core.shell[0m [1;30mINFO[0m Creating package descriptor '/home/ricardo/com_nav_ws/install/com_nav/share/com_nav/package.dsv'
[7.079s] [34mcolcon.colcon_core.shell[0m [1;30mINFO[0m Creating package script '/home/ricardo/com_nav_ws/install/com_nav/share/com_nav/package.sh'
[7.080s] [34mcolcon.colcon_core.shell[0m [1;30mINFO[0m Creating package script '/home/ricardo/com_nav_ws/install/com_nav/share/com_nav/package.bash'
[7.080s] [34mcolcon.colcon_core.shell[0m [1;30mINFO[0m Creating package script '/home/ricardo/com_nav_ws/install/com_nav/share/com_nav/package.zsh'
[7.081s] [34mcolcon.colcon_core.environment[0m [1;30mLevel 1[0m create_file_with_runtime_dependencies(/home/ricardo/com_nav_ws/install/com_nav/share/colcon-core/packages/com_nav)
[7.081s] [34mcolcon.colcon_core.environment[0m [1;30mLevel 1[0m create_environment_scripts_only(com_nav)
[7.081s] [34mcolcon.colcon_core.environment[0m [1;30mLevel 1[0m checking '/home/ricardo/com_nav_ws/install/com_nav' for CMake module files
[7.082s] [34mcolcon.colcon_core.environment[0m [1;30mLevel 1[0m checking '/home/ricardo/com_nav_ws/install/com_nav' for CMake config files
[7.082s] [34mcolcon.colcon_core.shell[0m [1;30mLevel 1[0m create_environment_hook('com_nav', 'cmake_prefix_path')
[7.082s] [34mcolcon.colcon_core.shell[0m [1;30mINFO[0m Creating environment hook '/home/ricardo/com_nav_ws/install/com_nav/share/com_nav/hook/cmake_prefix_path.ps1'
[7.082s] [34mcolcon.colcon_core.shell[0m [1;30mINFO[0m Creating environment descriptor '/home/ricardo/com_nav_ws/install/com_nav/share/com_nav/hook/cmake_prefix_path.dsv'
[7.082s] [34mcolcon.colcon_core.shell[0m [1;30mINFO[0m Creating environment hook '/home/ricardo/com_nav_ws/install/com_nav/share/com_nav/hook/cmake_prefix_path.sh'
[7.083s] [34mcolcon.colcon_core.environment[0m [1;30mLevel 1[0m checking '/home/ricardo/com_nav_ws/install/com_nav/bin'
[7.083s] [34mcolcon.colcon_core.environment[0m [1;30mLevel 1[0m checking '/home/ricardo/com_nav_ws/install/com_nav/lib/pkgconfig/com_nav.pc'
[7.083s] [34mcolcon.colcon_core.environment[0m [1;30mLevel 1[0m checking '/home/ricardo/com_nav_ws/install/com_nav/lib/python3.10/site-packages'
[7.083s] [34mcolcon.colcon_core.environment[0m [1;30mLevel 1[0m checking '/home/ricardo/com_nav_ws/install/com_nav/bin'
[7.083s] [34mcolcon.colcon_core.shell[0m [1;30mINFO[0m Creating package script '/home/ricardo/com_nav_ws/install/com_nav/share/com_nav/package.ps1'
[7.083s] [34mcolcon.colcon_core.shell[0m [1;30mINFO[0m Creating package descriptor '/home/ricardo/com_nav_ws/install/com_nav/share/com_nav/package.dsv'
[7.084s] [34mcolcon.colcon_core.shell[0m [1;30mINFO[0m Creating package script '/home/ricardo/com_nav_ws/install/com_nav/share/com_nav/package.sh'
[7.085s] [34mcolcon.colcon_core.shell[0m [1;30mINFO[0m Creating package script '/home/ricardo/com_nav_ws/install/com_nav/share/com_nav/package.bash'
[7.085s] [34mcolcon.colcon_core.shell[0m [1;30mINFO[0m Creating package script '/home/ricardo/com_nav_ws/install/com_nav/share/com_nav/package.zsh'
[7.085s] [34mcolcon.colcon_core.environment[0m [1;30mLevel 1[0m create_file_with_runtime_dependencies(/home/ricardo/com_nav_ws/install/com_nav/share/colcon-core/packages/com_nav)
[7.086s] [34mcolcon.colcon_parallel_executor.executor.parallel[0m [1;30mDEBUG[0m [32mclosing loop[0m
[7.086s] [34mcolcon.colcon_parallel_executor.executor.parallel[0m [1;30mDEBUG[0m [32mloop closed[0m
[7.086s] [34mcolcon.colcon_parallel_executor.executor.parallel[0m [1;30mDEBUG[0m [32mrun_until_complete finished with '0'[0m
[7.086s] [34mcolcon.colcon_core.event_reactor[0m [1;30mDEBUG[0m [32mjoining thread[0m
[7.090s] [34mcolcon.colcon_core.plugin_system[0m [1;30mINFO[0m Skipping extension 'colcon_notification.desktop_notification.terminal_notifier': Not used on non-Darwin systems
[7.090s] [34mcolcon.colcon_core.plugin_system[0m [1;30mINFO[0m Skipping extension 'colcon_notification.desktop_notification.win32': Not used on non-Windows systems
[7.090s] [34mcolcon.colcon_notification.desktop_notification[0m [1;30mINFO[0m Sending desktop notification using 'notify2'
[7.102s] [34mcolcon.colcon_core.event_reactor[0m [1;30mDEBUG[0m [32mjoined thread[0m
[7.102s] [34mcolcon.colcon_core.shell[0m [1;30mINFO[0m Creating prefix script '/home/ricardo/com_nav_ws/install/local_setup.ps1'
[7.103s] [34mcolcon.colcon_core.shell[0m [1;30mINFO[0m Creating prefix util module '/home/ricardo/com_nav_ws/install/_local_setup_util_ps1.py'
[7.104s] [34mcolcon.colcon_core.shell[0m [1;30mINFO[0m Creating prefix chain script '/home/ricardo/com_nav_ws/install/setup.ps1'
[7.105s] [34mcolcon.colcon_core.shell[0m [1;30mINFO[0m Creating prefix script '/home/ricardo/com_nav_ws/install/local_setup.sh'
[7.106s] [34mcolcon.colcon_core.shell[0m [1;30mINFO[0m Creating prefix util module '/home/ricardo/com_nav_ws/install/_local_setup_util_sh.py'
[7.106s] [34mcolcon.colcon_core.shell[0m [1;30mINFO[0m Creating prefix chain script '/home/ricardo/com_nav_ws/install/setup.sh'
[7.107s] [34mcolcon.colcon_core.shell[0m [1;30mINFO[0m Creating prefix script '/home/ricardo/com_nav_ws/install/local_setup.bash'
[7.107s] [34mcolcon.colcon_core.shell[0m [1;30mINFO[0m Creating prefix chain script '/home/ricardo/com_nav_ws/install/setup.bash'
[7.108s] [34mcolcon.colcon_core.shell[0m [1;30mINFO[0m Creating prefix script '/home/ricardo/com_nav_ws/install/local_setup.zsh'
[7.108s] [34mcolcon.colcon_core.shell[0m [1;30mINFO[0m Creating prefix chain script '/home/ricardo/com_nav_ws/install/setup.zsh'
