[0.009s] Invoking command in '/home/ricardo/com_nav_ws/build/com_nav': CMAKE_PREFIX_PATH=${CMAKE_PREFIX_PATH}:/opt/ros/humble /usr/bin/cmake --build /home/ricardo/com_nav_ws/build/com_nav -- -j16 -l16
[0.031s] -- Found ament_cmake: 1.3.11 (/opt/ros/humble/share/ament_cmake/cmake)
[0.124s] -- Found rclcpp: 16.0.11 (/opt/ros/humble/share/rclcpp/cmake)
[0.144s] -- Found rosidl_generator_c: 3.1.6 (/opt/ros/humble/share/rosidl_generator_c/cmake)
[0.146s] -- Found rosidl_adapter: 3.1.6 (/opt/ros/humble/share/rosidl_adapter/cmake)
[0.150s] -- Found rosidl_generator_cpp: 3.1.6 (/opt/ros/humble/share/rosidl_generator_cpp/cmake)
[0.156s] -- Using all available rosidl_typesupport_c: rosidl_typesupport_fastrtps_c;rosidl_typesupport_introspection_c
[0.164s] -- Using all available rosidl_typesupport_cpp: rosidl_typesupport_fastrtps_cpp;rosidl_typesupport_introspection_cpp
[0.184s] -- Found rmw_implementation_cmake: 6.1.2 (/opt/ros/humble/share/rmw_implementation_cmake/cmake)
[0.185s] -- Found rmw_fastrtps_cpp: 6.2.7 (/opt/ros/humble/share/rmw_fastrtps_cpp/cmake)
[0.271s] -- Using RMW implementation 'rmw_fastrtps_cpp' as default
[0.302s] -- Found geometry_msgs: 4.2.4 (/opt/ros/humble/share/geometry_msgs/cmake)
[0.311s] -- Found ament_lint_auto: 0.12.11 (/opt/ros/humble/share/ament_lint_auto/cmake)
[0.357s] -- Configuring done
[0.366s] -- Generating done
[0.369s] -- Build files have been written to: /home/ricardo/com_nav_ws/build/com_nav
[0.394s] [35m[1mConsolidate compiler generated dependencies of target serial_com_nav[0m
[0.412s] [ 33%] [32m[1mLinking CXX executable serial_com_nav[0m
[0.700s] [100%] Built target serial_com_nav
[0.712s] Invoked command in '/home/ricardo/com_nav_ws/build/com_nav' returned '0': CMAKE_PREFIX_PATH=${CMAKE_PREFIX_PATH}:/opt/ros/humble /usr/bin/cmake --build /home/ricardo/com_nav_ws/build/com_nav -- -j16 -l16
[0.721s] Invoking command in '/home/ricardo/com_nav_ws/build/com_nav': CMAKE_PREFIX_PATH=${CMAKE_PREFIX_PATH}:/opt/ros/humble /usr/bin/cmake --install /home/ricardo/com_nav_ws/build/com_nav
[0.726s] -- Install configuration: ""
[0.726s] -- Installing: /home/ricardo/com_nav_ws/install/com_nav/lib/com_nav/serial_com_nav
[0.729s] -- Set runtime path of "/home/ricardo/com_nav_ws/install/com_nav/lib/com_nav/serial_com_nav" to ""
[0.729s] -- Up-to-date: /home/ricardo/com_nav_ws/install/com_nav/share/ament_index/resource_index/package_run_dependencies/com_nav
[0.729s] -- Up-to-date: /home/ricardo/com_nav_ws/install/com_nav/share/ament_index/resource_index/parent_prefix_path/com_nav
[0.730s] -- Up-to-date: /home/ricardo/com_nav_ws/install/com_nav/share/com_nav/environment/ament_prefix_path.sh
[0.730s] -- Installing: /home/ricardo/com_nav_ws/install/com_nav/share/com_nav/environment/ament_prefix_path.dsv
[0.730s] -- Up-to-date: /home/ricardo/com_nav_ws/install/com_nav/share/com_nav/environment/path.sh
[0.730s] -- Installing: /home/ricardo/com_nav_ws/install/com_nav/share/com_nav/environment/path.dsv
[0.730s] -- Up-to-date: /home/ricardo/com_nav_ws/install/com_nav/share/com_nav/local_setup.bash
[0.730s] -- Up-to-date: /home/ricardo/com_nav_ws/install/com_nav/share/com_nav/local_setup.sh
[0.730s] -- Up-to-date: /home/ricardo/com_nav_ws/install/com_nav/share/com_nav/local_setup.zsh
[0.730s] -- Installing: /home/ricardo/com_nav_ws/install/com_nav/share/com_nav/local_setup.dsv
[0.730s] -- Installing: /home/ricardo/com_nav_ws/install/com_nav/share/com_nav/package.dsv
[0.731s] -- Up-to-date: /home/ricardo/com_nav_ws/install/com_nav/share/ament_index/resource_index/packages/com_nav
[0.731s] -- Up-to-date: /home/ricardo/com_nav_ws/install/com_nav/share/com_nav/cmake/com_navConfig.cmake
[0.731s] -- Up-to-date: /home/ricardo/com_nav_ws/install/com_nav/share/com_nav/cmake/com_navConfig-version.cmake
[0.731s] -- Up-to-date: /home/ricardo/com_nav_ws/install/com_nav/share/com_nav/package.xml
[0.732s] Invoked command in '/home/ricardo/com_nav_ws/build/com_nav' returned '0': CMAKE_PREFIX_PATH=${CMAKE_PREFIX_PATH}:/opt/ros/humble /usr/bin/cmake --install /home/ricardo/com_nav_ws/build/com_nav
