-- Found ament_cmake: 1.3.11 (/opt/ros/humble/share/ament_cmake/cmake)
-- Found rclcpp: 16.0.11 (/opt/ros/humble/share/rclcpp/cmake)
-- Found rosidl_generator_c: 3.1.6 (/opt/ros/humble/share/rosidl_generator_c/cmake)
-- Found rosidl_adapter: 3.1.6 (/opt/ros/humble/share/rosidl_adapter/cmake)
-- Found rosidl_generator_cpp: 3.1.6 (/opt/ros/humble/share/rosidl_generator_cpp/cmake)
-- Using all available rosidl_typesupport_c: rosidl_typesupport_fastrtps_c;rosidl_typesupport_introspection_c
-- Using all available rosidl_typesupport_cpp: rosidl_typesupport_fastrtps_cpp;rosidl_typesupport_introspection_cpp
-- Found rmw_implementation_cmake: 6.1.2 (/opt/ros/humble/share/rmw_implementation_cmake/cmake)
-- Found rmw_fastrtps_cpp: 6.2.7 (/opt/ros/humble/share/rmw_fastrtps_cpp/cmake)
-- Using RMW implementation 'rmw_fastrtps_cpp' as default
-- Found ament_lint_auto: 0.12.11 (/opt/ros/humble/share/ament_lint_auto/cmake)
-- Configuring done
-- Generating done
-- Build files have been written to: /home/ricardo/com_nav_ws/build/com_nav
[ 33%] [32mBuilding CXX object CMakeFiles/com_nav.dir/src/com_nav.cpp.o[0m
[ 66%] [32mBuilding CXX object CMakeFiles/com_nav.dir/src/CRC.cpp.o[0m
[01m[K/home/ricardo/com_nav_ws/src/com_nav/src/CRC.cpp:1:10:[m[K [01;31m[Kfatal error: [m[KCRC.h: No such file or directory
    1 | #include [01;31m[K"CRC.h"[m[K
      |          [01;31m[K^~~~~~~[m[K
compilation terminated.
gmake[2]: *** [CMakeFiles/com_nav.dir/build.make:90: CMakeFiles/com_nav.dir/src/CRC.cpp.o] Error 1
gmake[2]: *** Waiting for unfinished jobs....
[01m[K/home/ricardo/com_nav_ws/src/com_nav/src/com_nav.cpp:16:10:[m[K [01;31m[Kfatal error: [m[KCRC.h: No such file or directory
   16 | #include [01;31m[K"CRC.h"[m[K
      |          [01;31m[K^~~~~~~[m[K
compilation terminated.
gmake[2]: *** [CMakeFiles/com_nav.dir/build.make:76: CMakeFiles/com_nav.dir/src/com_nav.cpp.o] Error 1
gmake[1]: *** [CMakeFiles/Makefile2:137: CMakeFiles/com_nav.dir/all] Error 2
gmake: *** [Makefile:146: all] Error 2
