[0.008s] Invoking command in '/home/ricardo/com_nav_ws/build/com_nav': CMAKE_PREFIX_PATH=/opt/ros/humble /usr/bin/cmake --build /home/ricardo/com_nav_ws/build/com_nav -- -j16 -l16
[0.029s] -- Found ament_cmake: 1.3.11 (/opt/ros/humble/share/ament_cmake/cmake)
[0.116s] -- Found rclcpp: 16.0.11 (/opt/ros/humble/share/rclcpp/cmake)
[0.136s] -- Found rosidl_generator_c: 3.1.6 (/opt/ros/humble/share/rosidl_generator_c/cmake)
[0.138s] -- Found rosidl_adapter: 3.1.6 (/opt/ros/humble/share/rosidl_adapter/cmake)
[0.142s] -- Found rosidl_generator_cpp: 3.1.6 (/opt/ros/humble/share/rosidl_generator_cpp/cmake)
[0.148s] -- Using all available rosidl_typesupport_c: rosidl_typesupport_fastrtps_c;rosidl_typesupport_introspection_c
[0.155s] -- Using all available rosidl_typesupport_cpp: rosidl_typesupport_fastrtps_cpp;rosidl_typesupport_introspection_cpp
[0.176s] -- Found rmw_implementation_cmake: 6.1.2 (/opt/ros/humble/share/rmw_implementation_cmake/cmake)
[0.176s] -- Found rmw_fastrtps_cpp: 6.2.7 (/opt/ros/humble/share/rmw_fastrtps_cpp/cmake)
[0.262s] -- Using RMW implementation 'rmw_fastrtps_cpp' as default
[0.293s] -- Found ament_lint_auto: 0.12.11 (/opt/ros/humble/share/ament_lint_auto/cmake)
[0.337s] -- Configuring done
[0.344s] -- Generating done
[0.346s] -- Build files have been written to: /home/ricardo/com_nav_ws/build/com_nav
[0.381s] [ 33%] [32mBuilding CXX object CMakeFiles/com_nav.dir/src/com_nav.cpp.o[0m
[0.381s] [ 66%] [32mBuilding CXX object CMakeFiles/com_nav.dir/src/CRC.cpp.o[0m
[0.388s] [01m[K/home/ricardo/com_nav_ws/src/com_nav/src/CRC.cpp:1:10:[m[K [01;31m[Kfatal error: [m[KCRC.h: No such file or directory
[0.388s]     1 | #include [01;31m[K"CRC.h"[m[K
[0.388s]       |          [01;31m[K^~~~~~~[m[K
[0.388s] compilation terminated.
[0.389s] gmake[2]: *** [CMakeFiles/com_nav.dir/build.make:90: CMakeFiles/com_nav.dir/src/CRC.cpp.o] Error 1
[0.389s] gmake[2]: *** Waiting for unfinished jobs....
[0.560s] [01m[K/home/ricardo/com_nav_ws/src/com_nav/src/com_nav.cpp:16:10:[m[K [01;31m[Kfatal error: [m[KCRC.h: No such file or directory
[0.560s]    16 | #include [01;31m[K"CRC.h"[m[K
[0.560s]       |          [01;31m[K^~~~~~~[m[K
[0.560s] compilation terminated.
[0.572s] gmake[2]: *** [CMakeFiles/com_nav.dir/build.make:76: CMakeFiles/com_nav.dir/src/com_nav.cpp.o] Error 1
[0.573s] gmake[1]: *** [CMakeFiles/Makefile2:137: CMakeFiles/com_nav.dir/all] Error 2
[0.573s] gmake: *** [Makefile:146: all] Error 2
[0.576s] Invoked command in '/home/ricardo/com_nav_ws/build/com_nav' returned '2': CMAKE_PREFIX_PATH=/opt/ros/humble /usr/bin/cmake --build /home/ricardo/com_nav_ws/build/com_nav -- -j16 -l16
