[0.009s] Invoking command in '/home/ricardo/com_nav_ws/build/com_nav': CMAKE_PREFIX_PATH=/opt/ros/humble /usr/bin/cmake --build /home/ricardo/com_nav_ws/build/com_nav -- -j16 -l16
[0.048s] [35m[1mConsolidate compiler generated dependencies of target com_nav[0m
[0.064s] [ 33%] [32mBuilding CXX object CMakeFiles/com_nav.dir/src/com_nav.cpp.o[0m
[6.397s] [ 66%] [32m[1mLinking CXX executable com_nav[0m
[6.736s] [100%] Built target com_nav
[6.750s] Invoked command in '/home/ricardo/com_nav_ws/build/com_nav' returned '0': CMAKE_PREFIX_PATH=/opt/ros/humble /usr/bin/cmake --build /home/ricardo/com_nav_ws/build/com_nav -- -j16 -l16
[6.761s] Invoking command in '/home/ricardo/com_nav_ws/build/com_nav': CMAKE_PREFIX_PATH=/opt/ros/humble /usr/bin/cmake --install /home/ricardo/com_nav_ws/build/com_nav
[6.769s] -- Install configuration: ""
[6.769s] -- Installing: /home/ricardo/com_nav_ws/install/com_nav/share/ament_index/resource_index/package_run_dependencies/com_nav
[6.769s] -- Installing: /home/ricardo/com_nav_ws/install/com_nav/share/ament_index/resource_index/parent_prefix_path/com_nav
[6.770s] -- Installing: /home/ricardo/com_nav_ws/install/com_nav/share/com_nav/environment/ament_prefix_path.sh
[6.770s] -- Installing: /home/ricardo/com_nav_ws/install/com_nav/share/com_nav/environment/ament_prefix_path.dsv
[6.770s] -- Installing: /home/ricardo/com_nav_ws/install/com_nav/share/com_nav/environment/path.sh
[6.770s] -- Installing: /home/ricardo/com_nav_ws/install/com_nav/share/com_nav/environment/path.dsv
[6.771s] -- Installing: /home/ricardo/com_nav_ws/install/com_nav/share/com_nav/local_setup.bash
[6.771s] -- Installing: /home/ricardo/com_nav_ws/install/com_nav/share/com_nav/local_setup.sh
[6.771s] -- Installing: /home/ricardo/com_nav_ws/install/com_nav/share/com_nav/local_setup.zsh
[6.771s] -- Installing: /home/ricardo/com_nav_ws/install/com_nav/share/com_nav/local_setup.dsv
[6.771s] -- Installing: /home/ricardo/com_nav_ws/install/com_nav/share/com_nav/package.dsv
[6.771s] -- Installing: /home/ricardo/com_nav_ws/install/com_nav/share/ament_index/resource_index/packages/com_nav
[6.772s] -- Installing: /home/ricardo/com_nav_ws/install/com_nav/share/com_nav/cmake/com_navConfig.cmake
[6.772s] -- Installing: /home/ricardo/com_nav_ws/install/com_nav/share/com_nav/cmake/com_navConfig-version.cmake
[6.772s] -- Installing: /home/ricardo/com_nav_ws/install/com_nav/share/com_nav/package.xml
[6.774s] Invoked command in '/home/ricardo/com_nav_ws/build/com_nav' returned '0': CMAKE_PREFIX_PATH=/opt/ros/humble /usr/bin/cmake --install /home/ricardo/com_nav_ws/build/com_nav
