[0.008s] Invoking command in '/home/ricardo/com_nav_ws/build/com_nav': CMAKE_PREFIX_PATH=${CMAKE_PREFIX_PATH}:/opt/ros/humble /usr/bin/cmake --build /home/ricardo/com_nav_ws/build/com_nav -- -j16 -l16
[0.031s] -- Found ament_cmake: 1.3.11 (/opt/ros/humble/share/ament_cmake/cmake)
[0.119s] -- Found rclcpp: 16.0.11 (/opt/ros/humble/share/rclcpp/cmake)
[0.139s] -- Found rosidl_generator_c: 3.1.6 (/opt/ros/humble/share/rosidl_generator_c/cmake)
[0.141s] -- Found rosidl_adapter: 3.1.6 (/opt/ros/humble/share/rosidl_adapter/cmake)
[0.144s] -- Found rosidl_generator_cpp: 3.1.6 (/opt/ros/humble/share/rosidl_generator_cpp/cmake)
[0.150s] -- Using all available rosidl_typesupport_c: rosidl_typesupport_fastrtps_c;rosidl_typesupport_introspection_c
[0.158s] -- Using all available rosidl_typesupport_cpp: rosidl_typesupport_fastrtps_cpp;rosidl_typesupport_introspection_cpp
[0.178s] -- Found rmw_implementation_cmake: 6.1.2 (/opt/ros/humble/share/rmw_implementation_cmake/cmake)
[0.179s] -- Found rmw_fastrtps_cpp: 6.2.7 (/opt/ros/humble/share/rmw_fastrtps_cpp/cmake)
[0.268s] -- Using RMW implementation 'rmw_fastrtps_cpp' as default
[0.300s] -- Found geometry_msgs: 4.2.4 (/opt/ros/humble/share/geometry_msgs/cmake)
[0.308s] -- Found ament_lint_auto: 0.12.11 (/opt/ros/humble/share/ament_lint_auto/cmake)
[0.353s] -- Configuring done
[0.360s] -- Generating done
[0.362s] -- Build files have been written to: /home/ricardo/com_nav_ws/build/com_nav
[0.386s] [35m[1mConsolidate compiler generated dependencies of target serial_com_nav[0m
[0.396s] [ 33%] [32mBuilding CXX object CMakeFiles/serial_com_nav.dir/src/com_nav.cpp.o[0m
[6.244s] [ 66%] [32m[1mLinking CXX executable serial_com_nav[0m
[6.515s] [100%] Built target serial_com_nav
[6.528s] Invoked command in '/home/ricardo/com_nav_ws/build/com_nav' returned '0': CMAKE_PREFIX_PATH=${CMAKE_PREFIX_PATH}:/opt/ros/humble /usr/bin/cmake --build /home/ricardo/com_nav_ws/build/com_nav -- -j16 -l16
[6.537s] Invoking command in '/home/ricardo/com_nav_ws/build/com_nav': CMAKE_PREFIX_PATH=${CMAKE_PREFIX_PATH}:/opt/ros/humble /usr/bin/cmake --install /home/ricardo/com_nav_ws/build/com_nav
[6.545s] -- Install configuration: ""
[6.545s] -- Up-to-date: /home/ricardo/com_nav_ws/install/com_nav/share/ament_index/resource_index/package_run_dependencies/com_nav
[6.545s] -- Up-to-date: /home/ricardo/com_nav_ws/install/com_nav/share/ament_index/resource_index/parent_prefix_path/com_nav
[6.545s] -- Up-to-date: /home/ricardo/com_nav_ws/install/com_nav/share/com_nav/environment/ament_prefix_path.sh
[6.546s] -- Installing: /home/ricardo/com_nav_ws/install/com_nav/share/com_nav/environment/ament_prefix_path.dsv
[6.546s] -- Up-to-date: /home/ricardo/com_nav_ws/install/com_nav/share/com_nav/environment/path.sh
[6.546s] -- Installing: /home/ricardo/com_nav_ws/install/com_nav/share/com_nav/environment/path.dsv
[6.546s] -- Up-to-date: /home/ricardo/com_nav_ws/install/com_nav/share/com_nav/local_setup.bash
[6.546s] -- Up-to-date: /home/ricardo/com_nav_ws/install/com_nav/share/com_nav/local_setup.sh
[6.546s] -- Up-to-date: /home/ricardo/com_nav_ws/install/com_nav/share/com_nav/local_setup.zsh
[6.546s] -- Installing: /home/ricardo/com_nav_ws/install/com_nav/share/com_nav/local_setup.dsv
[6.546s] -- Installing: /home/ricardo/com_nav_ws/install/com_nav/share/com_nav/package.dsv
[6.546s] -- Up-to-date: /home/ricardo/com_nav_ws/install/com_nav/share/ament_index/resource_index/packages/com_nav
[6.546s] -- Up-to-date: /home/ricardo/com_nav_ws/install/com_nav/share/com_nav/cmake/com_navConfig.cmake
[6.546s] -- Up-to-date: /home/ricardo/com_nav_ws/install/com_nav/share/com_nav/cmake/com_navConfig-version.cmake
[6.546s] -- Up-to-date: /home/ricardo/com_nav_ws/install/com_nav/share/com_nav/package.xml
[6.547s] Invoked command in '/home/ricardo/com_nav_ws/build/com_nav' returned '0': CMAKE_PREFIX_PATH=${CMAKE_PREFIX_PATH}:/opt/ros/humble /usr/bin/cmake --install /home/ricardo/com_nav_ws/build/com_nav
