[0.009s] Invoking command in '/home/ricardo/com_nav_ws/build/com_nav': CMAKE_PREFIX_PATH=/opt/ros/humble /usr/bin/cmake --build /home/ricardo/com_nav_ws/build/com_nav -- -j16 -l16
[0.050s] [35m[1mConsolidate compiler generated dependencies of target serial_com_nav[0m
[0.068s] [ 33%] [32mBuilding CXX object CMakeFiles/serial_com_nav.dir/src/com_nav.cpp.o[0m
[1.949s] In file included from [01m[K/opt/ros/humble/include/rclcpp/rclcpp/logging.hpp:24[m[K,
[1.949s]                  from [01m[K/opt/ros/humble/include/rclcpp/rclcpp/client.hpp:40[m[K,
[1.949s]                  from [01m[K/opt/ros/humble/include/rclcpp/rclcpp/callback_group.hpp:24[m[K,
[1.949s]                  from [01m[K/opt/ros/humble/include/rclcpp/rclcpp/any_executable.hpp:20[m[K,
[1.949s]                  from [01m[K/opt/ros/humble/include/rclcpp/rclcpp/memory_strategy.hpp:25[m[K,
[1.949s]                  from [01m[K/opt/ros/humble/include/rclcpp/rclcpp/memory_strategies.hpp:18[m[K,
[1.949s]                  from [01m[K/opt/ros/humble/include/rclcpp/rclcpp/executor_options.hpp:20[m[K,
[1.949s]                  from [01m[K/opt/ros/humble/include/rclcpp/rclcpp/executor.hpp:37[m[K,
[1.949s]                  from [01m[K/opt/ros/humble/include/rclcpp/rclcpp/executors/multi_threaded_executor.hpp:25[m[K,
[1.949s]                  from [01m[K/opt/ros/humble/include/rclcpp/rclcpp/executors.hpp:21[m[K,
[1.949s]                  from [01m[K/opt/ros/humble/include/rclcpp/rclcpp/rclcpp.hpp:155[m[K,
[1.950s]                  from [01m[K/home/ricardo/com_nav_ws/src/com_nav/src/com_nav.cpp:1[m[K:
[1.950s] [01m[K/home/ricardo/com_nav_ws/src/com_nav/src/com_nav.cpp:[m[K In member function ‘[01m[Kvoid SerialCommunicationNode::cmdVelCallback(geometry_msgs::msg::Twist_<std::allocator<void> >::SharedPtr)[m[K’:
[1.950s] [01m[K/home/ricardo/com_nav_ws/src/com_nav/src/com_nav.cpp:116:89:[m[K [01;31m[Kerror: [m[Kexpected primary-expression before ‘[01m[K...[m[K’ token
[1.950s]   116 |             RCLCPP_INFO(get_logger(), "TX Data: %02X %02X ...", tx_data[0], tx_data[1], [01;31m[K...[m[K);
[1.950s]       |                                                                                         [01;31m[K^~~[m[K
[3.939s] gmake[2]: *** [CMakeFiles/serial_com_nav.dir/build.make:76: CMakeFiles/serial_com_nav.dir/src/com_nav.cpp.o] Error 1
[3.939s] gmake[1]: *** [CMakeFiles/Makefile2:137: CMakeFiles/serial_com_nav.dir/all] Error 2
[3.939s] gmake: *** [Makefile:146: all] Error 2
[3.942s] Invoked command in '/home/ricardo/com_nav_ws/build/com_nav' returned '2': CMAKE_PREFIX_PATH=/opt/ros/humble /usr/bin/cmake --build /home/ricardo/com_nav_ws/build/com_nav -- -j16 -l16
