[0.012s] Invoking command in '/home/ricardo/com_nav_ws/build/com_nav': CMAKE_PREFIX_PATH=${CMAKE_PREFIX_PATH}:/opt/ros/humble /usr/bin/cmake --build /home/ricardo/com_nav_ws/build/com_nav -- -j16 -l16
[0.039s] -- Found ament_cmake: 1.3.11 (/opt/ros/humble/share/ament_cmake/cmake)
[0.144s] -- Found rclcpp: 16.0.11 (/opt/ros/humble/share/rclcpp/cmake)
[0.166s] -- Found rosidl_generator_c: 3.1.6 (/opt/ros/humble/share/rosidl_generator_c/cmake)
[0.167s] -- Found rosidl_adapter: 3.1.6 (/opt/ros/humble/share/rosidl_adapter/cmake)
[0.171s] -- Found rosidl_generator_cpp: 3.1.6 (/opt/ros/humble/share/rosidl_generator_cpp/cmake)
[0.178s] -- Using all available rosidl_typesupport_c: rosidl_typesupport_fastrtps_c;rosidl_typesupport_introspection_c
[0.186s] -- Using all available rosidl_typesupport_cpp: rosidl_typesupport_fastrtps_cpp;rosidl_typesupport_introspection_cpp
[0.206s] -- Found rmw_implementation_cmake: 6.1.2 (/opt/ros/humble/share/rmw_implementation_cmake/cmake)
[0.207s] -- Found rmw_fastrtps_cpp: 6.2.7 (/opt/ros/humble/share/rmw_fastrtps_cpp/cmake)
[0.305s] -- Using RMW implementation 'rmw_fastrtps_cpp' as default
[0.340s] -- Found geometry_msgs: 4.2.4 (/opt/ros/humble/share/geometry_msgs/cmake)
[0.347s] [31mCMake Error at CMakeLists.txt:18 (target_include_directories):
[0.347s]   Cannot specify include directories for target "com_nav" which is not built
[0.347s]   by this project.
[0.347s] 
[0.347s] [0m
[0.347s] [31mCMake Error at /opt/ros/humble/share/ament_cmake_target_dependencies/cmake/ament_target_dependencies.cmake:42 (message):
[0.347s]   ament_target_dependencies() the first argument must be a valid target name
[0.347s] Call Stack (most recent call first):
[0.347s]   CMakeLists.txt:21 (ament_target_dependencies)
[0.347s] 
[0.347s] [0m
[0.347s] -- Configuring incomplete, errors occurred!
[0.347s] See also "/home/ricardo/com_nav_ws/build/com_nav/CMakeFiles/CMakeOutput.log".
[0.353s] gmake: *** [Makefile:294: cmake_check_build_system] Error 1
[0.356s] Invoked command in '/home/ricardo/com_nav_ws/build/com_nav' returned '2': CMAKE_PREFIX_PATH=${CMAKE_PREFIX_PATH}:/opt/ros/humble /usr/bin/cmake --build /home/ricardo/com_nav_ws/build/com_nav -- -j16 -l16
