[0.008s] Invoking command in '/home/ricardo/com_nav_ws/build/com_nav': CMAKE_PREFIX_PATH=${CMAKE_PREFIX_PATH}:/opt/ros/humble /usr/bin/cmake --build /home/ricardo/com_nav_ws/build/com_nav -- -j16 -l16
[0.046s] [35m[1mConsolidate compiler generated dependencies of target serial_com_nav[0m
[0.062s] [100%] Built target serial_com_nav
[0.073s] Invoked command in '/home/ricardo/com_nav_ws/build/com_nav' returned '0': CMAKE_PREFIX_PATH=${CMAKE_PREFIX_PATH}:/opt/ros/humble /usr/bin/cmake --build /home/ricardo/com_nav_ws/build/com_nav -- -j16 -l16
[0.082s] Invoking command in '/home/ricardo/com_nav_ws/build/com_nav': CMAKE_PREFIX_PATH=${CMAKE_PREFIX_PATH}:/opt/ros/humble /usr/bin/cmake --install /home/ricardo/com_nav_ws/build/com_nav
[0.088s] -- Install configuration: ""
[0.088s] -- Up-to-date: /home/ricardo/com_nav_ws/install/com_nav/share/ament_index/resource_index/package_run_dependencies/com_nav
[0.088s] -- Up-to-date: /home/ricardo/com_nav_ws/install/com_nav/share/ament_index/resource_index/parent_prefix_path/com_nav
[0.088s] -- Up-to-date: /home/ricardo/com_nav_ws/install/com_nav/share/com_nav/environment/ament_prefix_path.sh
[0.088s] -- Up-to-date: /home/ricardo/com_nav_ws/install/com_nav/share/com_nav/environment/ament_prefix_path.dsv
[0.088s] -- Up-to-date: /home/ricardo/com_nav_ws/install/com_nav/share/com_nav/environment/path.sh
[0.088s] -- Up-to-date: /home/ricardo/com_nav_ws/install/com_nav/share/com_nav/environment/path.dsv
[0.088s] -- Up-to-date: /home/ricardo/com_nav_ws/install/com_nav/share/com_nav/local_setup.bash
[0.088s] -- Up-to-date: /home/ricardo/com_nav_ws/install/com_nav/share/com_nav/local_setup.sh
[0.088s] -- Up-to-date: /home/ricardo/com_nav_ws/install/com_nav/share/com_nav/local_setup.zsh
[0.089s] -- Up-to-date: /home/ricardo/com_nav_ws/install/com_nav/share/com_nav/local_setup.dsv
[0.089s] -- Installing: /home/ricardo/com_nav_ws/install/com_nav/share/com_nav/package.dsv
[0.089s] -- Up-to-date: /home/ricardo/com_nav_ws/install/com_nav/share/ament_index/resource_index/packages/com_nav
[0.089s] -- Up-to-date: /home/ricardo/com_nav_ws/install/com_nav/share/com_nav/cmake/com_navConfig.cmake
[0.089s] -- Up-to-date: /home/ricardo/com_nav_ws/install/com_nav/share/com_nav/cmake/com_navConfig-version.cmake
[0.089s] -- Up-to-date: /home/ricardo/com_nav_ws/install/com_nav/share/com_nav/package.xml
[0.090s] Invoked command in '/home/ricardo/com_nav_ws/build/com_nav' returned '0': CMAKE_PREFIX_PATH=${CMAKE_PREFIX_PATH}:/opt/ros/humble /usr/bin/cmake --install /home/ricardo/com_nav_ws/build/com_nav
